#
# A fatal error has been detected by the Java Runtime Environment:
#
#  EXCEPTION_ACCESS_VIOLATION (0xc0000005) at pc=0x00007ffe7c752223, pid=8300, tid=12468
#
# JRE version: OpenJDK Runtime Environment (16.0.2+7) (build 16.0.2+7-67)
# Java VM: OpenJDK 64-Bit Server VM (16.0.2+7-67, mixed mode, tiered, compressed oops, compressed class ptrs, g1 gc, windows-amd64)
# Problematic frame:
# C  [ig11icd64.dll+0x592223]
#
# No core dump will be written. Minidumps are not enabled by default on client versions of Windows
#
# If you would like to submit a bug report, please visit:
#   https://bugreport.java.com/bugreport/crash.jsp
# The crash happened outside the Java Virtual Machine in native code.
# See problematic frame for where to report the bug.
#

---------------  S U M M A R Y ------------

Command Line: -XX:+ShowCodeDetailsInExceptionMessages -agentlib:jdwp=transport=dt_socket,suspend=y,address=localhost:50098 -Djava.library.path=C:\Users\MrCon\git\Lwjgl-2-Framework\OpenGl Framework\natives -javaagent:C:\Users\MrCon\eclipse\java-2021-06\eclipse\configuration\org.eclipse.osgi\222\0\.cp\lib\javaagent-shaded.jar -Dfile.encoding=Cp1252 test.Main

Host: Intel(R) Core(TM) i5-1035G4 CPU @ 1.10GHz, 8 cores, 7G,  Windows 10 , 64 bit Build 19041 (10.0.19041.1151)
Time: Tue Aug 31 11:06:50 2021 Mitteleuropäische Sommerzeit elapsed time: 122.775383 seconds (0d 0h 2m 2s)

---------------  T H R E A D  ---------------

Current thread (0x000002987990a1a0):  JavaThread "main" [_thread_in_native, id=12468, stack(0x000000bd55800000,0x000000bd55900000)]

Stack: [0x000000bd55800000,0x000000bd55900000],  sp=0x000000bd558fbac0,  free space=1006k
Native frames: (J=compiled Java code, j=interpreted, Vv=VM code, C=native code)
C  [ig11icd64.dll+0x592223]

Java frames: (J=compiled Java code, j=interpreted, Vv=VM code)
J 1613  org.lwjgl.opengl.GL11.nglTranslatef(FFFJ)V (0 bytes) @ 0x0000029807b8db71 [0x0000029807b8db20+0x0000000000000051]
J 1725 c2 org.newdawn.slick.UnicodeFont.drawDisplayList(FFLjava/lang/String;Lorg/newdawn/slick/Color;II)Lorg/newdawn/slick/UnicodeFont$DisplayList; (825 bytes) @ 0x0000029807ba4630 [0x0000029807ba3700+0x0000000000000f30]
J 1786 c2 de.confuse.openGL.font.FontUtils.drawString(Ljava/lang/String;FDI)V (306 bytes) @ 0x0000029807baddc4 [0x0000029807bad740+0x0000000000000684]
J 1822 c2 de.confuse.openGL.gui.frame.elements.SwitchElement.update(FII)V (42 bytes) @ 0x0000029807bc3798 [0x0000029807bc27c0+0x0000000000000fd8]
J 1824 c2 test.gui.GuiMainMenu.update(FII)V (18 bytes) @ 0x0000029807bc8618 [0x0000029807bc7b40+0x0000000000000ad8]
J 1841% c2 de.confuse.openGL.Window.<init>(Ljava/lang/String;IIZZ)V (202 bytes) @ 0x0000029807bdc75c [0x0000029807bdbde0+0x000000000000097c]
j  de.confuse.openGL.Window.get(Ljava/lang/String;IIZZ)Lde/confuse/openGL/Window;+15
j  test.Main.<init>()V+19
j  test.Main.main([Ljava/lang/String;)V+3
v  ~StubRoutines::call_stub

siginfo: EXCEPTION_ACCESS_VIOLATION (0xc0000005), reading address 0x0000000000000000


Register to memory mapping:

RIP=0x00007ffe7c752223 ig11icd64.dll
RAX=0x0 is NULL
RBX=0x000002981496e7f0 points into unknown readable memory: 0xffffffffffffffff | ff ff ff ff ff ff ff ff
RCX=0x0 is NULL
RDX=0x00000298fb7d90f0 points into unknown readable memory: 0x000002987997a800 | 00 a8 97 79 98 02 00 00
RSP=0x000000bd558fbac0 is pointing into the stack for thread: 0x000002987990a1a0
RBP=0x000002987997a800 points into unknown readable memory: 0x00000298148ad000 | 00 d0 8a 14 98 02 00 00
RSI=0x00000298fb7d90f0 points into unknown readable memory: 0x000002987997a800 | 00 a8 97 79 98 02 00 00
RDI=0x0000029814923ff0 points into unknown readable memory: 0x0000000000000000 | 00 00 00 00 00 00 00 00
R8 =0x00000298fb7d90f0 points into unknown readable memory: 0x000002987997a800 | 00 a8 97 79 98 02 00 00
R9 =0x0000029814b06280 points into unknown readable memory: 0x0000029814a84280 | 80 42 a8 14 98 02 00 00
R10=0x0 is NULL
R11=0x0000000000000246 is an unknown value
R12=0x0000029814b3aca0 points into unknown readable memory: 0x00000298fb7d90f0 | f0 90 7d fb 98 02 00 00
R13=0x0000029814923ff0 points into unknown readable memory: 0x0000000000000000 | 00 00 00 00 00 00 00 00
R14=0x0000000000000001 is an unknown value
R15=0x0000029814923ff0 points into unknown readable memory: 0x0000000000000000 | 00 00 00 00 00 00 00 00


Registers:
RAX=0x0000000000000000, RBX=0x000002981496e7f0, RCX=0x0000000000000000, RDX=0x00000298fb7d90f0
RSP=0x000000bd558fbac0, RBP=0x000002987997a800, RSI=0x00000298fb7d90f0, RDI=0x0000029814923ff0
R8 =0x00000298fb7d90f0, R9 =0x0000029814b06280, R10=0x0000000000000000, R11=0x0000000000000246
R12=0x0000029814b3aca0, R13=0x0000029814923ff0, R14=0x0000000000000001, R15=0x0000029814923ff0
RIP=0x00007ffe7c752223, EFLAGS=0x0000000000010202

Top of Stack: (sp=0x000000bd558fbac0)
0x000000bd558fbac0:   00000000c0000017 00007ffe7c74f4d6
0x000000bd558fbad0:   00000298fb7daa40 00000298fb7daa40
0x000000bd558fbae0:   0000000000000001 00007ffe7c738e65
0x000000bd558fbaf0:   00000298fb7d90f0 000002981496e7f0
0x000000bd558fbb00:   000002987997a800 000002987997a800
0x000000bd558fbb10:   00000298fb7daa40 00000298149241f8
0x000000bd558fbb20:   0000000000000000 00007ffe7c74fd7e
0x000000bd558fbb30:   00000298fb7daa40 0000029814923ff0
0x000000bd558fbb40:   00000298fb7daa40 00000298fb7dab08
0x000000bd558fbb50:   0000000000000001 0000000000000001
0x000000bd558fbb60:   0000000000000001 0000029814923ff0
0x000000bd558fbb70:   0000000000000000 0000029814923ff0
0x000000bd558fbb80:   00000298fb7d9110 00007ffe7c739231
0x000000bd558fbb90:   00000298fb7daa40 000002981496e7f0
0x000000bd558fbba0:   00000298fb82a410 00000298fb7d9110
0x000000bd558fbbb0:   0000000000000000 0000029800000000 

Instructions: (pc=0x00007ffe7c752223)
0x00007ffe7c752123:   00 48 8b 80 e0 02 00 00 ff 15 cf 24 58 00 48 29
0x00007ffe7c752133:   86 00 03 00 00 48 8b 8f a8 00 00 00 48 8b 51 08
0x00007ffe7c752143:   48 8b 01 48 89 02 48 8b 11 48 8b 41 08 48 89 42
0x00007ffe7c752153:   08 48 ff 8e f8 02 00 00 ba 18 00 00 00 e8 13 28
0x00007ffe7c752163:   f9 ff 4c 8b c7 48 8d 54 24 40 48 8d 8e b0 02 00
0x00007ffe7c752173:   00 e8 a7 70 a8 ff 48 c7 44 24 40 00 00 00 00 48
0x00007ffe7c752183:   8d 4c 24 40 ff 15 63 1f 58 00 48 8b 44 24 40 48
0x00007ffe7c752193:   89 85 b8 00 00 00 eb 02 33 ed 48 8b cb ff 15 8a
0x00007ffe7c7521a3:   20 58 00 48 8b c5 48 8b 5c 24 48 48 8b 6c 24 50
0x00007ffe7c7521b3:   48 8b 74 24 58 48 83 c4 20 41 5e 41 5c 5f c3 cc
0x00007ffe7c7521c3:   cc cc cc cc cc cc cc cc cc cc cc cc cc 48 85 d2
0x00007ffe7c7521d3:   0f 84 f4 00 00 00 48 89 5c 24 08 48 89 74 24 18
0x00007ffe7c7521e3:   57 48 83 ec 20 48 8b f2 48 8b f9 48 8b 1d 4b f9
0x00007ffe7c7521f3:   9a 00 48 89 5c 24 38 48 8b cb ff 15 fd 1e 58 00
0x00007ffe7c752203:   90 48 8b 87 80 02 00 00 48 89 86 90 04 00 00 48
0x00007ffe7c752213:   89 b7 80 02 00 00 ff 87 88 02 00 00 48 8b 4e 08
0x00007ffe7c752223:   48 8b 01 ba 01 00 00 00 48 8b 80 e0 02 00 00 ff
0x00007ffe7c752233:   15 c8 23 58 00 48 01 87 a0 02 00 00 48 8b 4e 08
0x00007ffe7c752243:   48 8b 01 ba 01 00 00 00 48 8b 80 e0 02 00 00 ff
0x00007ffe7c752253:   15 a8 23 58 00 0f b7 c8 48 8b 97 90 02 00 00 48
0x00007ffe7c752263:   2b d1 48 8d 88 00 00 01 00 48 03 ca 48 89 8f 90
0x00007ffe7c752273:   02 00 00 48 8b 87 00 03 00 00 48 03 87 a0 02 00
0x00007ffe7c752283:   00 48 8b 15 25 5a 8b 00 48 3b 82 30 07 00 00 77
0x00007ffe7c752293:   10 48 03 8f 08 03 00 00 48 3b 8a 38 07 00 00 76
0x00007ffe7c7522a3:   11 45 33 c9 45 33 c0 48 8b d7 33 c9 e8 ec f8 ff
0x00007ffe7c7522b3:   ff 90 48 8b cb ff 15 72 1f 58 00 48 8b 5c 24 30
0x00007ffe7c7522c3:   48 8b 74 24 40 48 83 c4 20 5f c3 cc cc 40 53 48
0x00007ffe7c7522d3:   83 ec 70 4c 8b 94 24 a0 00 00 00 4d 8b d8 45 33
0x00007ffe7c7522e3:   c0 48 8b d9 41 8b c0 4d 85 d2 74 5e 0f 57 c0 ba
0x00007ffe7c7522f3:   ff 7f 00 00 0f 11 44 24 30 49 8b c2 90 66 44 39
0x00007ffe7c752303:   00 74 0a 48 83 c0 02 48 83 ea 01 75 f0 48 85 d2
0x00007ffe7c752313:   b9 0d 00 00 c0 41 0f 45 c8 74 1e 66 03 d2 4c 89 


Stack slot to memory mapping:
stack at sp + 0 slots: 0x00000000c0000017 is an unallocated location in the heap
stack at sp + 1 slots: 0x00007ffe7c74f4d6 ig11icd64.dll
stack at sp + 2 slots: 0x00000298fb7daa40 points into unknown readable memory: 0x000002987997a800 | 00 a8 97 79 98 02 00 00
stack at sp + 3 slots: 0x00000298fb7daa40 points into unknown readable memory: 0x000002987997a800 | 00 a8 97 79 98 02 00 00
stack at sp + 4 slots: 0x0000000000000001 is an unknown value
stack at sp + 5 slots: 0x00007ffe7c738e65 ig11icd64.dll
stack at sp + 6 slots: 0x00000298fb7d90f0 points into unknown readable memory: 0x000002987997a800 | 00 a8 97 79 98 02 00 00
stack at sp + 7 slots: 0x000002981496e7f0 points into unknown readable memory: 0xffffffffffffffff | ff ff ff ff ff ff ff ff


---------------  P R O C E S S  ---------------

Threads class SMR info:
_java_thread_list=0x000002981c870590, length=17, elements={
0x000002987990a1a0, 0x0000029813462010, 0x0000029813462a10, 0x00000298134a6010,
0x00000298134a9a30, 0x00000298134aa430, 0x00000298134aae30, 0x00000298140087e0,
0x0000029814009130, 0x0000029814016280, 0x000002981411cd50, 0x000002981429c960,
0x000002981431e3f0, 0x000002981431e930, 0x000002981411ad70, 0x000002981411c2b0,
0x000002981411b2c0
}

Java Threads: ( => current thread )
=>0x000002987990a1a0 JavaThread "main" [_thread_in_native, id=12468, stack(0x000000bd55800000,0x000000bd55900000)]
  0x0000029813462010 JavaThread "Reference Handler" daemon [_thread_blocked, id=800, stack(0x000000bd55f00000,0x000000bd56000000)]
  0x0000029813462a10 JavaThread "Finalizer" daemon [_thread_blocked, id=10748, stack(0x000000bd56000000,0x000000bd56100000)]
  0x00000298134a6010 JavaThread "Signal Dispatcher" daemon [_thread_blocked, id=10600, stack(0x000000bd56100000,0x000000bd56200000)]
  0x00000298134a9a30 JavaThread "Attach Listener" daemon [_thread_blocked, id=11904, stack(0x000000bd56200000,0x000000bd56300000)]
  0x00000298134aa430 JavaThread "Service Thread" daemon [_thread_blocked, id=9380, stack(0x000000bd56300000,0x000000bd56400000)]
  0x00000298134aae30 JavaThread "Monitor Deflation Thread" daemon [_thread_blocked, id=7216, stack(0x000000bd56400000,0x000000bd56500000)]
  0x00000298140087e0 JavaThread "C2 CompilerThread0" daemon [_thread_blocked, id=1940, stack(0x000000bd56500000,0x000000bd56600000)]
  0x0000029814009130 JavaThread "C1 CompilerThread0" daemon [_thread_blocked, id=12492, stack(0x000000bd56600000,0x000000bd56700000)]
  0x0000029814016280 JavaThread "Sweeper thread" daemon [_thread_blocked, id=12496, stack(0x000000bd56700000,0x000000bd56800000)]
  0x000002981411cd50 JavaThread "Common-Cleaner" daemon [_thread_blocked, id=12512, stack(0x000000bd56800000,0x000000bd56900000)]
  0x000002981429c960 JavaThread "JDWP Transport Listener: dt_socket" daemon [_thread_blocked, id=7296, stack(0x000000bd56a00000,0x000000bd56b00000)]
  0x000002981431e3f0 JavaThread "JDWP Event Helper Thread" daemon [_thread_blocked, id=12528, stack(0x000000bd56b00000,0x000000bd56c00000)]
  0x000002981431e930 JavaThread "JDWP Command Reader" daemon [_thread_in_native, id=3104, stack(0x000000bd56c00000,0x000000bd56d00000)]
  0x000002981411ad70 JavaThread "Notification Thread" daemon [_thread_blocked, id=9412, stack(0x000000bd56900000,0x000000bd56a00000)]
  0x000002981411c2b0 JavaThread "Java2D Disposer" daemon [_thread_blocked, id=12612, stack(0x000000bd57300000,0x000000bd57400000)]
  0x000002981411b2c0 JavaThread "AWT-Windows" daemon [_thread_in_native, id=12608, stack(0x000000bd57500000,0x000000bd57600000)]

Other Threads:
  0x000002981344bc10 VMThread "VM Thread" [stack: 0x000000bd55e00000,0x000000bd55f00000] [id=8364]
  0x000002987990b220 WatcherThread [stack: 0x000000bd56d00000,0x000000bd56e00000] [id=12564]
  0x0000029879948600 GCTaskThread "GC Thread#0" [stack: 0x000000bd55900000,0x000000bd55a00000] [id=8748]
  0x000002981c4b4b00 GCTaskThread "GC Thread#1" [stack: 0x000000bd57600000,0x000000bd57700000] [id=12600]
  0x000002981c873830 GCTaskThread "GC Thread#2" [stack: 0x000000bd57700000,0x000000bd57800000] [id=12648]
  0x000002981c873b40 GCTaskThread "GC Thread#3" [stack: 0x000000bd57800000,0x000000bd57900000] [id=12668]
  0x000002981c8c8480 GCTaskThread "GC Thread#4" [stack: 0x000000bd57900000,0x000000bd57a00000] [id=5536]
  0x000002981c8c8790 GCTaskThread "GC Thread#5" [stack: 0x000000bd57a00000,0x000000bd57b00000] [id=1752]
  0x000002981c87a960 GCTaskThread "GC Thread#6" [stack: 0x000000bd57b00000,0x000000bd57c00000] [id=2756]
  0x000002981c87ac70 GCTaskThread "GC Thread#7" [stack: 0x000000bd57c00000,0x000000bd57d00000] [id=6092]
  0x000002987995b5c0 ConcurrentGCThread "G1 Main Marker" [stack: 0x000000bd55a00000,0x000000bd55b00000] [id=4756]
  0x000002987995c030 ConcurrentGCThread "G1 Conc#0" [stack: 0x000000bd55b00000,0x000000bd55c00000] [id=12300]
  0x00000298799da480 ConcurrentGCThread "G1 Refine#0" [stack: 0x000000bd55c00000,0x000000bd55d00000] [id=12420]
  0x00000298799dbf10 ConcurrentGCThread "G1 Service" [stack: 0x000000bd55d00000,0x000000bd55e00000] [id=12488]

Threads with active compile tasks:

VM state: not at safepoint (normal execution)

VM Mutex/Monitor currently owned by a thread: None

Heap address: 0x0000000086600000, size: 1946 MB, Compressed Oops mode: 32-bit

CDS disabled.
Compressed class space mapped at: 0x0000000100000000-0x0000000140000000, reserved size: 1073741824
Narrow klass base: 0x0000000000000000, Narrow klass shift: 3, Narrow klass range: 0x140000000

GC Precious Log:
 CPUs: 8 total, 8 available
 Memory: 7778M
 Large Page Support: Disabled
 NUMA Support: Disabled
 Compressed Oops: Enabled (32-bit)
 Heap Region Size: 1M
 Heap Min Capacity: 8M
 Heap Initial Capacity: 122M
 Heap Max Capacity: 1946M
 Pre-touch: Disabled
 Parallel Workers: 8
 Concurrent Workers: 2
 Concurrent Refinement Workers: 8
 Periodic GC: Disabled

Heap:
 garbage-first heap   total 124928K, used 16668K [0x0000000086600000, 0x0000000100000000)
  region size 1024K, 15 young (15360K), 2 survivors (2048K)
 Metaspace       used 15616K, committed 15808K, reserved 1064960K
  class space    used 1275K, committed 1408K, reserved 1048576K

Heap Regions: E=young(eden), S=young(survivor), O=old, HS=humongous(starts), HC=humongous(continues), CS=collection set, F=free, OA=open archive, CA=closed archive, TAMS=top-at-mark-start (previous, next)
|   0|0x0000000086600000, 0x0000000086700000, 0x0000000086700000|100%| O|  |TAMS 0x0000000086600000, 0x0000000086600000| Untracked 
|   1|0x0000000086700000, 0x0000000086800000, 0x0000000086800000|100%| O|  |TAMS 0x0000000086700000, 0x0000000086700000| Untracked 
|   2|0x0000000086800000, 0x0000000086900000, 0x0000000086900000|100%| O|  |TAMS 0x0000000086800000, 0x0000000086800000| Untracked 
|   3|0x0000000086900000, 0x0000000086910c00, 0x0000000086a00000|  6%| O|  |TAMS 0x0000000086900000, 0x0000000086900000| Untracked 
|   4|0x0000000086a00000, 0x0000000086a00000, 0x0000000086b00000|  0%| F|  |TAMS 0x0000000086a00000, 0x0000000086a00000| Untracked 
|   5|0x0000000086b00000, 0x0000000086b00000, 0x0000000086c00000|  0%| F|  |TAMS 0x0000000086b00000, 0x0000000086b00000| Untracked 
|   6|0x0000000086c00000, 0x0000000086c00000, 0x0000000086d00000|  0%| F|  |TAMS 0x0000000086c00000, 0x0000000086c00000| Untracked 
|   7|0x0000000086d00000, 0x0000000086d00000, 0x0000000086e00000|  0%| F|  |TAMS 0x0000000086d00000, 0x0000000086d00000| Untracked 
|   8|0x0000000086e00000, 0x0000000086e00000, 0x0000000086f00000|  0%| F|  |TAMS 0x0000000086e00000, 0x0000000086e00000| Untracked 
|   9|0x0000000086f00000, 0x0000000086f00000, 0x0000000087000000|  0%| F|  |TAMS 0x0000000086f00000, 0x0000000086f00000| Untracked 
|  10|0x0000000087000000, 0x0000000087000000, 0x0000000087100000|  0%| F|  |TAMS 0x0000000087000000, 0x0000000087000000| Untracked 
|  11|0x0000000087100000, 0x0000000087100000, 0x0000000087200000|  0%| F|  |TAMS 0x0000000087100000, 0x0000000087100000| Untracked 
|  12|0x0000000087200000, 0x0000000087200000, 0x0000000087300000|  0%| F|  |TAMS 0x0000000087200000, 0x0000000087200000| Untracked 
|  13|0x0000000087300000, 0x0000000087300000, 0x0000000087400000|  0%| F|  |TAMS 0x0000000087300000, 0x0000000087300000| Untracked 
|  14|0x0000000087400000, 0x0000000087400000, 0x0000000087500000|  0%| F|  |TAMS 0x0000000087400000, 0x0000000087400000| Untracked 
|  15|0x0000000087500000, 0x0000000087500000, 0x0000000087600000|  0%| F|  |TAMS 0x0000000087500000, 0x0000000087500000| Untracked 
|  16|0x0000000087600000, 0x0000000087600000, 0x0000000087700000|  0%| F|  |TAMS 0x0000000087600000, 0x0000000087600000| Untracked 
|  17|0x0000000087700000, 0x0000000087700000, 0x0000000087800000|  0%| F|  |TAMS 0x0000000087700000, 0x0000000087700000| Untracked 
|  18|0x0000000087800000, 0x0000000087800000, 0x0000000087900000|  0%| F|  |TAMS 0x0000000087800000, 0x0000000087800000| Untracked 
|  19|0x0000000087900000, 0x0000000087900000, 0x0000000087a00000|  0%| F|  |TAMS 0x0000000087900000, 0x0000000087900000| Untracked 
|  20|0x0000000087a00000, 0x0000000087a00000, 0x0000000087b00000|  0%| F|  |TAMS 0x0000000087a00000, 0x0000000087a00000| Untracked 
|  21|0x0000000087b00000, 0x0000000087b00000, 0x0000000087c00000|  0%| F|  |TAMS 0x0000000087b00000, 0x0000000087b00000| Untracked 
|  22|0x0000000087c00000, 0x0000000087c00000, 0x0000000087d00000|  0%| F|  |TAMS 0x0000000087c00000, 0x0000000087c00000| Untracked 
|  23|0x0000000087d00000, 0x0000000087d00000, 0x0000000087e00000|  0%| F|  |TAMS 0x0000000087d00000, 0x0000000087d00000| Untracked 
|  24|0x0000000087e00000, 0x0000000087e00000, 0x0000000087f00000|  0%| F|  |TAMS 0x0000000087e00000, 0x0000000087e00000| Untracked 
|  25|0x0000000087f00000, 0x0000000087f00000, 0x0000000088000000|  0%| F|  |TAMS 0x0000000087f00000, 0x0000000087f00000| Untracked 
|  26|0x0000000088000000, 0x0000000088000000, 0x0000000088100000|  0%| F|  |TAMS 0x0000000088000000, 0x0000000088000000| Untracked 
|  27|0x0000000088100000, 0x0000000088100000, 0x0000000088200000|  0%| F|  |TAMS 0x0000000088100000, 0x0000000088100000| Untracked 
|  28|0x0000000088200000, 0x0000000088200000, 0x0000000088300000|  0%| F|  |TAMS 0x0000000088200000, 0x0000000088200000| Untracked 
|  29|0x0000000088300000, 0x0000000088300000, 0x0000000088400000|  0%| F|  |TAMS 0x0000000088300000, 0x0000000088300000| Untracked 
|  30|0x0000000088400000, 0x0000000088400000, 0x0000000088500000|  0%| F|  |TAMS 0x0000000088400000, 0x0000000088400000| Untracked 
|  31|0x0000000088500000, 0x0000000088500000, 0x0000000088600000|  0%| F|  |TAMS 0x0000000088500000, 0x0000000088500000| Untracked 
|  32|0x0000000088600000, 0x0000000088600000, 0x0000000088700000|  0%| F|  |TAMS 0x0000000088600000, 0x0000000088600000| Untracked 
|  33|0x0000000088700000, 0x0000000088700000, 0x0000000088800000|  0%| F|  |TAMS 0x0000000088700000, 0x0000000088700000| Untracked 
|  34|0x0000000088800000, 0x0000000088800000, 0x0000000088900000|  0%| F|  |TAMS 0x0000000088800000, 0x0000000088800000| Untracked 
|  35|0x0000000088900000, 0x0000000088900000, 0x0000000088a00000|  0%| F|  |TAMS 0x0000000088900000, 0x0000000088900000| Untracked 
|  36|0x0000000088a00000, 0x0000000088a00000, 0x0000000088b00000|  0%| F|  |TAMS 0x0000000088a00000, 0x0000000088a00000| Untracked 
|  37|0x0000000088b00000, 0x0000000088b00000, 0x0000000088c00000|  0%| F|  |TAMS 0x0000000088b00000, 0x0000000088b00000| Untracked 
|  38|0x0000000088c00000, 0x0000000088c00000, 0x0000000088d00000|  0%| F|  |TAMS 0x0000000088c00000, 0x0000000088c00000| Untracked 
|  39|0x0000000088d00000, 0x0000000088d00000, 0x0000000088e00000|  0%| F|  |TAMS 0x0000000088d00000, 0x0000000088d00000| Untracked 
|  40|0x0000000088e00000, 0x0000000088e00000, 0x0000000088f00000|  0%| F|  |TAMS 0x0000000088e00000, 0x0000000088e00000| Untracked 
|  41|0x0000000088f00000, 0x0000000088f00000, 0x0000000089000000|  0%| F|  |TAMS 0x0000000088f00000, 0x0000000088f00000| Untracked 
|  42|0x0000000089000000, 0x0000000089000000, 0x0000000089100000|  0%| F|  |TAMS 0x0000000089000000, 0x0000000089000000| Untracked 
|  43|0x0000000089100000, 0x0000000089100000, 0x0000000089200000|  0%| F|  |TAMS 0x0000000089100000, 0x0000000089100000| Untracked 
|  44|0x0000000089200000, 0x0000000089200000, 0x0000000089300000|  0%| F|  |TAMS 0x0000000089200000, 0x0000000089200000| Untracked 
|  45|0x0000000089300000, 0x0000000089300000, 0x0000000089400000|  0%| F|  |TAMS 0x0000000089300000, 0x0000000089300000| Untracked 
|  46|0x0000000089400000, 0x0000000089400000, 0x0000000089500000|  0%| F|  |TAMS 0x0000000089400000, 0x0000000089400000| Untracked 
|  47|0x0000000089500000, 0x0000000089536578, 0x0000000089600000| 21%| S|CS|TAMS 0x0000000089500000, 0x0000000089500000| Complete 
|  48|0x0000000089600000, 0x0000000089700000, 0x0000000089700000|100%| S|CS|TAMS 0x0000000089600000, 0x0000000089600000| Complete 
|  49|0x0000000089700000, 0x0000000089700000, 0x0000000089800000|  0%| F|  |TAMS 0x0000000089700000, 0x0000000089700000| Untracked 
|  50|0x0000000089800000, 0x0000000089800000, 0x0000000089900000|  0%| F|  |TAMS 0x0000000089800000, 0x0000000089800000| Untracked 
|  51|0x0000000089900000, 0x0000000089900000, 0x0000000089a00000|  0%| F|  |TAMS 0x0000000089900000, 0x0000000089900000| Untracked 
|  52|0x0000000089a00000, 0x0000000089a00000, 0x0000000089b00000|  0%| F|  |TAMS 0x0000000089a00000, 0x0000000089a00000| Untracked 
|  53|0x0000000089b00000, 0x0000000089b00000, 0x0000000089c00000|  0%| F|  |TAMS 0x0000000089b00000, 0x0000000089b00000| Untracked 
|  54|0x0000000089c00000, 0x0000000089c00000, 0x0000000089d00000|  0%| F|  |TAMS 0x0000000089c00000, 0x0000000089c00000| Untracked 
|  55|0x0000000089d00000, 0x0000000089d00000, 0x0000000089e00000|  0%| F|  |TAMS 0x0000000089d00000, 0x0000000089d00000| Untracked 
|  56|0x0000000089e00000, 0x0000000089e00000, 0x0000000089f00000|  0%| F|  |TAMS 0x0000000089e00000, 0x0000000089e00000| Untracked 
|  57|0x0000000089f00000, 0x0000000089f00000, 0x000000008a000000|  0%| F|  |TAMS 0x0000000089f00000, 0x0000000089f00000| Untracked 
|  58|0x000000008a000000, 0x000000008a000000, 0x000000008a100000|  0%| F|  |TAMS 0x000000008a000000, 0x000000008a000000| Untracked 
|  59|0x000000008a100000, 0x000000008a100000, 0x000000008a200000|  0%| F|  |TAMS 0x000000008a100000, 0x000000008a100000| Untracked 
|  60|0x000000008a200000, 0x000000008a200000, 0x000000008a300000|  0%| F|  |TAMS 0x000000008a200000, 0x000000008a200000| Untracked 
|  61|0x000000008a300000, 0x000000008a300000, 0x000000008a400000|  0%| F|  |TAMS 0x000000008a300000, 0x000000008a300000| Untracked 
|  62|0x000000008a400000, 0x000000008a400000, 0x000000008a500000|  0%| F|  |TAMS 0x000000008a400000, 0x000000008a400000| Untracked 
|  63|0x000000008a500000, 0x000000008a500000, 0x000000008a600000|  0%| F|  |TAMS 0x000000008a500000, 0x000000008a500000| Untracked 
|  64|0x000000008a600000, 0x000000008a600000, 0x000000008a700000|  0%| F|  |TAMS 0x000000008a600000, 0x000000008a600000| Untracked 
|  65|0x000000008a700000, 0x000000008a700000, 0x000000008a800000|  0%| F|  |TAMS 0x000000008a700000, 0x000000008a700000| Untracked 
|  66|0x000000008a800000, 0x000000008a800000, 0x000000008a900000|  0%| F|  |TAMS 0x000000008a800000, 0x000000008a800000| Untracked 
|  67|0x000000008a900000, 0x000000008a900000, 0x000000008aa00000|  0%| F|  |TAMS 0x000000008a900000, 0x000000008a900000| Untracked 
|  68|0x000000008aa00000, 0x000000008aa00000, 0x000000008ab00000|  0%| F|  |TAMS 0x000000008aa00000, 0x000000008aa00000| Untracked 
|  69|0x000000008ab00000, 0x000000008ab00000, 0x000000008ac00000|  0%| F|  |TAMS 0x000000008ab00000, 0x000000008ab00000| Untracked 
|  70|0x000000008ac00000, 0x000000008ac00000, 0x000000008ad00000|  0%| F|  |TAMS 0x000000008ac00000, 0x000000008ac00000| Untracked 
|  71|0x000000008ad00000, 0x000000008ad00000, 0x000000008ae00000|  0%| F|  |TAMS 0x000000008ad00000, 0x000000008ad00000| Untracked 
|  72|0x000000008ae00000, 0x000000008ae00000, 0x000000008af00000|  0%| F|  |TAMS 0x000000008ae00000, 0x000000008ae00000| Untracked 
|  73|0x000000008af00000, 0x000000008af00000, 0x000000008b000000|  0%| F|  |TAMS 0x000000008af00000, 0x000000008af00000| Untracked 
|  74|0x000000008b000000, 0x000000008b000000, 0x000000008b100000|  0%| F|  |TAMS 0x000000008b000000, 0x000000008b000000| Untracked 
|  75|0x000000008b100000, 0x000000008b100000, 0x000000008b200000|  0%| F|  |TAMS 0x000000008b100000, 0x000000008b100000| Untracked 
|  76|0x000000008b200000, 0x000000008b200000, 0x000000008b300000|  0%| F|  |TAMS 0x000000008b200000, 0x000000008b200000| Untracked 
|  77|0x000000008b300000, 0x000000008b300000, 0x000000008b400000|  0%| F|  |TAMS 0x000000008b300000, 0x000000008b300000| Untracked 
|  78|0x000000008b400000, 0x000000008b400000, 0x000000008b500000|  0%| F|  |TAMS 0x000000008b400000, 0x000000008b400000| Untracked 
|  79|0x000000008b500000, 0x000000008b500000, 0x000000008b600000|  0%| F|  |TAMS 0x000000008b500000, 0x000000008b500000| Untracked 
|  80|0x000000008b600000, 0x000000008b600000, 0x000000008b700000|  0%| F|  |TAMS 0x000000008b600000, 0x000000008b600000| Untracked 
|  81|0x000000008b700000, 0x000000008b700000, 0x000000008b800000|  0%| F|  |TAMS 0x000000008b700000, 0x000000008b700000| Untracked 
|  82|0x000000008b800000, 0x000000008b800000, 0x000000008b900000|  0%| F|  |TAMS 0x000000008b800000, 0x000000008b800000| Untracked 
|  83|0x000000008b900000, 0x000000008b900000, 0x000000008ba00000|  0%| F|  |TAMS 0x000000008b900000, 0x000000008b900000| Untracked 
|  84|0x000000008ba00000, 0x000000008ba00000, 0x000000008bb00000|  0%| F|  |TAMS 0x000000008ba00000, 0x000000008ba00000| Untracked 
|  85|0x000000008bb00000, 0x000000008bb00000, 0x000000008bc00000|  0%| F|  |TAMS 0x000000008bb00000, 0x000000008bb00000| Untracked 
|  86|0x000000008bc00000, 0x000000008bc00000, 0x000000008bd00000|  0%| F|  |TAMS 0x000000008bc00000, 0x000000008bc00000| Untracked 
|  87|0x000000008bd00000, 0x000000008bd00000, 0x000000008be00000|  0%| F|  |TAMS 0x000000008bd00000, 0x000000008bd00000| Untracked 
|  88|0x000000008be00000, 0x000000008be00000, 0x000000008bf00000|  0%| F|  |TAMS 0x000000008be00000, 0x000000008be00000| Untracked 
|  89|0x000000008bf00000, 0x000000008bf00000, 0x000000008c000000|  0%| F|  |TAMS 0x000000008bf00000, 0x000000008bf00000| Untracked 
|  90|0x000000008c000000, 0x000000008c000000, 0x000000008c100000|  0%| F|  |TAMS 0x000000008c000000, 0x000000008c000000| Untracked 
|  91|0x000000008c100000, 0x000000008c100000, 0x000000008c200000|  0%| F|  |TAMS 0x000000008c100000, 0x000000008c100000| Untracked 
|  92|0x000000008c200000, 0x000000008c200000, 0x000000008c300000|  0%| F|  |TAMS 0x000000008c200000, 0x000000008c200000| Untracked 
|  93|0x000000008c300000, 0x000000008c300000, 0x000000008c400000|  0%| F|  |TAMS 0x000000008c300000, 0x000000008c300000| Untracked 
|  94|0x000000008c400000, 0x000000008c400000, 0x000000008c500000|  0%| F|  |TAMS 0x000000008c400000, 0x000000008c400000| Untracked 
|  95|0x000000008c500000, 0x000000008c500000, 0x000000008c600000|  0%| F|  |TAMS 0x000000008c500000, 0x000000008c500000| Untracked 
|  96|0x000000008c600000, 0x000000008c600000, 0x000000008c700000|  0%| F|  |TAMS 0x000000008c600000, 0x000000008c600000| Untracked 
|  97|0x000000008c700000, 0x000000008c700000, 0x000000008c800000|  0%| F|  |TAMS 0x000000008c700000, 0x000000008c700000| Untracked 
|  98|0x000000008c800000, 0x000000008c800000, 0x000000008c900000|  0%| F|  |TAMS 0x000000008c800000, 0x000000008c800000| Untracked 
|  99|0x000000008c900000, 0x000000008c900000, 0x000000008ca00000|  0%| F|  |TAMS 0x000000008c900000, 0x000000008c900000| Untracked 
| 100|0x000000008ca00000, 0x000000008ca00000, 0x000000008cb00000|  0%| F|  |TAMS 0x000000008ca00000, 0x000000008ca00000| Untracked 
| 101|0x000000008cb00000, 0x000000008cb00000, 0x000000008cc00000|  0%| F|  |TAMS 0x000000008cb00000, 0x000000008cb00000| Untracked 
| 102|0x000000008cc00000, 0x000000008cc00000, 0x000000008cd00000|  0%| F|  |TAMS 0x000000008cc00000, 0x000000008cc00000| Untracked 
| 103|0x000000008cd00000, 0x000000008cd00000, 0x000000008ce00000|  0%| F|  |TAMS 0x000000008cd00000, 0x000000008cd00000| Untracked 
| 104|0x000000008ce00000, 0x000000008ce00000, 0x000000008cf00000|  0%| F|  |TAMS 0x000000008ce00000, 0x000000008ce00000| Untracked 
| 105|0x000000008cf00000, 0x000000008cf00000, 0x000000008d000000|  0%| F|  |TAMS 0x000000008cf00000, 0x000000008cf00000| Untracked 
| 106|0x000000008d000000, 0x000000008d000000, 0x000000008d100000|  0%| F|  |TAMS 0x000000008d000000, 0x000000008d000000| Untracked 
| 107|0x000000008d100000, 0x000000008d100000, 0x000000008d200000|  0%| F|  |TAMS 0x000000008d100000, 0x000000008d100000| Untracked 
| 108|0x000000008d200000, 0x000000008d200000, 0x000000008d300000|  0%| F|  |TAMS 0x000000008d200000, 0x000000008d200000| Untracked 
| 109|0x000000008d300000, 0x000000008d400000, 0x000000008d400000|100%| E|  |TAMS 0x000000008d300000, 0x000000008d300000| Complete 
| 110|0x000000008d400000, 0x000000008d500000, 0x000000008d500000|100%| E|CS|TAMS 0x000000008d400000, 0x000000008d400000| Complete 
| 111|0x000000008d500000, 0x000000008d600000, 0x000000008d600000|100%| E|CS|TAMS 0x000000008d500000, 0x000000008d500000| Complete 
| 112|0x000000008d600000, 0x000000008d700000, 0x000000008d700000|100%| E|CS|TAMS 0x000000008d600000, 0x000000008d600000| Complete 
| 113|0x000000008d700000, 0x000000008d800000, 0x000000008d800000|100%| E|CS|TAMS 0x000000008d700000, 0x000000008d700000| Complete 
| 114|0x000000008d800000, 0x000000008d900000, 0x000000008d900000|100%| E|CS|TAMS 0x000000008d800000, 0x000000008d800000| Complete 
| 115|0x000000008d900000, 0x000000008da00000, 0x000000008da00000|100%| E|CS|TAMS 0x000000008d900000, 0x000000008d900000| Complete 
| 116|0x000000008da00000, 0x000000008db00000, 0x000000008db00000|100%| E|CS|TAMS 0x000000008da00000, 0x000000008da00000| Complete 
| 117|0x000000008db00000, 0x000000008dc00000, 0x000000008dc00000|100%| E|CS|TAMS 0x000000008db00000, 0x000000008db00000| Complete 
| 118|0x000000008dc00000, 0x000000008dd00000, 0x000000008dd00000|100%| E|CS|TAMS 0x000000008dc00000, 0x000000008dc00000| Complete 
| 119|0x000000008dd00000, 0x000000008de00000, 0x000000008de00000|100%| E|CS|TAMS 0x000000008dd00000, 0x000000008dd00000| Complete 
| 120|0x000000008de00000, 0x000000008df00000, 0x000000008df00000|100%| E|CS|TAMS 0x000000008de00000, 0x000000008de00000| Complete 
| 121|0x000000008df00000, 0x000000008e000000, 0x000000008e000000|100%| E|CS|TAMS 0x000000008df00000, 0x000000008df00000| Complete 

Card table byte_map: [0x000002987d590000,0x000002987d960000] _byte_map_base: 0x000002987d15d000

Marking Bits (Prev, Next): (CMBitMap*) 0x0000029879949d00, (CMBitMap*) 0x0000029879949d40
 Prev Bits: [0x000002987dd30000, 0x000002987fb98000)
 Next Bits: [0x000002980f000000, 0x0000029810e68000)

Polling page: 0x00000298777e0000

Metaspace:

Usage:
  Non-class:     14.00 MB used.
      Class:      1.25 MB used.
       Both:     15.25 MB used.

Virtual space:
  Non-class space:       16.00 MB reserved,      14.06 MB ( 88%) committed,  2 nodes.
      Class space:        1.00 GB reserved,       1.38 MB ( <1%) committed,  1 nodes.
              Both:        1.02 GB reserved,      15.44 MB (  1%) committed. 

Chunk freelists:
   Non-Class:  1.95 MB
       Class:  2.62 MB
        Both:  4.57 MB

MaxMetaspaceSize: 17179869184.00 GB
CompressedClassSpaceSize: 1.00 GB
 - commit_granule_bytes: 65536.
 - commit_granule_words: 8192.
 - virtual_space_node_default_size: 1048576.
 - enlarge_chunks_in_place: 1.
 - new_chunks_are_fully_committed: 0.
 - uncommit_free_chunks: 1.
 - use_allocation_guard: 0.
 - handle_deallocations: 1.


Internal statistics:

num_allocs_failed_limit: 0.
num_arena_births: 68.
num_arena_deaths: 0.
num_vsnodes_births: 3.
num_vsnodes_deaths: 0.
num_space_committed: 245.
num_space_uncommitted: 0.
num_chunks_returned_to_freelist: 0.
num_chunks_taken_from_freelist: 186.
num_chunk_merges: 0.
num_chunk_splits: 109.
num_chunks_enlarged: 68.
num_purges: 0.

CodeHeap 'non-profiled nmethods': size=120000Kb used=1080Kb max_used=1080Kb free=118919Kb
 bounds [0x0000029807ad0000, 0x0000029807d40000, 0x000002980f000000]
CodeHeap 'profiled nmethods': size=120000Kb used=3295Kb max_used=3295Kb free=116704Kb
 bounds [0x00000298005a0000, 0x00000298008e0000, 0x0000029807ad0000]
CodeHeap 'non-nmethods': size=5760Kb used=1406Kb max_used=1463Kb free=4353Kb
 bounds [0x0000029800000000, 0x0000029800270000, 0x00000298005a0000]
 total_blobs=2502 nmethods=1841 adapters=574
 compilation: enabled
              stopped_count=0, restarted_count=0
 full_count=0

Compilation events (20 events):
Event: 39.655 Thread 0x00000298140087e0 1832 %     4       de.confuse.openGL.Window::<init> @ 100 (202 bytes)
Event: 39.660 Thread 0x00000298140087e0 nmethod 1832% 0x0000029807bd2710 code [0x0000029807bd28c0, 0x0000029807bd2ad0]
Event: 40.190 Thread 0x00000298140087e0 1833       4       de.confuse.openGL.Window::<init> (202 bytes)
Event: 40.214 Thread 0x00000298140087e0 nmethod 1833 0x0000029807bd2d10 code [0x0000029807bd3040, 0x0000029807bd3af0]
Event: 50.250 Thread 0x0000029814009130 1834 %     3       de.confuse.openGL.Window::<init> @ 100 (202 bytes)
Event: 50.255 Thread 0x0000029814009130 nmethod 1834% 0x00000298008d5210 code [0x00000298008d56e0, 0x00000298008d73d8]
Event: 50.835 Thread 0x00000298140087e0 1835   !   4       java.nio.DirectByteBuffer::put (157 bytes)
Event: 50.848 Thread 0x00000298140087e0 nmethod 1835 0x0000029807bd4310 code [0x0000029807bd44a0, 0x0000029807bd4a58]
Event: 51.290 Thread 0x00000298140087e0 1836   !   4       org.lwjgl.opengl.Display::processMessages (44 bytes)
Event: 51.350 Thread 0x00000298140087e0 nmethod 1836 0x0000029807bd5110 code [0x0000029807bd53e0, 0x0000029807bd6e50]
Event: 51.350 Thread 0x00000298140087e0 1837   !   4       org.lwjgl.opengl.WindowsDisplay::update (106 bytes)
Event: 51.356 Thread 0x00000298140087e0 nmethod 1837 0x0000029807bd8110 code [0x0000029807bd82e0, 0x0000029807bd84b0]
Event: 51.356 Thread 0x00000298140087e0 1838   !   4       org.lwjgl.input.Mouse::updateCursor (71 bytes)
Event: 51.358 Thread 0x00000298140087e0 nmethod 1838 0x0000029807bd8710 code [0x0000029807bd88a0, 0x0000029807bd8a38]
Event: 51.358 Thread 0x00000298140087e0 1839   !   4       org.lwjgl.input.Keyboard::poll (47 bytes)
Event: 51.407 Thread 0x00000298140087e0 nmethod 1839 0x0000029807bd8b10 code [0x0000029807bd8d60, 0x0000029807bda208]
Event: 51.407 Thread 0x00000298140087e0 1840   !   4       org.lwjgl.opengl.Display::update (154 bytes)
Event: 51.417 Thread 0x00000298140087e0 nmethod 1840 0x0000029807bdb190 code [0x0000029807bdb360, 0x0000029807bdb7d8]
Event: 68.341 Thread 0x00000298140087e0 1841 %     4       de.confuse.openGL.Window::<init> @ 100 (202 bytes)
Event: 68.423 Thread 0x00000298140087e0 nmethod 1841% 0x0000029807bdbb10 code [0x0000029807bdbde0, 0x0000029807bdd3f0]

GC Heap History (20 events):
Event: 28.089 GC heap before
{Heap before GC invocations=1 (full 0):
 garbage-first heap   total 124928K, used 35021K [0x0000000086600000, 0x0000000100000000)
  region size 1024K, 34 young (34816K), 3 survivors (3072K)
 Metaspace       used 15610K, committed 15808K, reserved 1064960K
  class space    used 1275K, committed 1408K, reserved 1048576K
}
Event: 28.093 GC heap after
{Heap after GC invocations=2 (full 0):
 garbage-first heap   total 124928K, used 4466K [0x0000000086600000, 0x0000000100000000)
  region size 1024K, 2 young (2048K), 2 survivors (2048K)
 Metaspace       used 15610K, committed 15808K, reserved 1064960K
  class space    used 1275K, committed 1408K, reserved 1048576K
}
Event: 31.129 GC heap before
{Heap before GC invocations=2 (full 0):
 garbage-first heap   total 124928K, used 77170K [0x0000000086600000, 0x0000000100000000)
  region size 1024K, 73 young (74752K), 2 survivors (2048K)
 Metaspace       used 15610K, committed 15808K, reserved 1064960K
  class space    used 1275K, committed 1408K, reserved 1048576K
}
Event: 31.132 GC heap after
{Heap after GC invocations=3 (full 0):
 garbage-first heap   total 124928K, used 4437K [0x0000000086600000, 0x0000000100000000)
  region size 1024K, 2 young (2048K), 2 survivors (2048K)
 Metaspace       used 15610K, committed 15808K, reserved 1064960K
  class space    used 1275K, committed 1408K, reserved 1048576K
}
Event: 36.930 GC heap before
{Heap before GC invocations=3 (full 0):
 garbage-first heap   total 124928K, used 77141K [0x0000000086600000, 0x0000000100000000)
  region size 1024K, 73 young (74752K), 2 survivors (2048K)
 Metaspace       used 15610K, committed 15808K, reserved 1064960K
  class space    used 1275K, committed 1408K, reserved 1048576K
}
Event: 36.933 GC heap after
{Heap after GC invocations=4 (full 0):
 garbage-first heap   total 124928K, used 4367K [0x0000000086600000, 0x0000000100000000)
  region size 1024K, 2 young (2048K), 2 survivors (2048K)
 Metaspace       used 15610K, committed 15808K, reserved 1064960K
  class space    used 1275K, committed 1408K, reserved 1048576K
}
Event: 45.107 GC heap before
{Heap before GC invocations=4 (full 0):
 garbage-first heap   total 124928K, used 77071K [0x0000000086600000, 0x0000000100000000)
  region size 1024K, 73 young (74752K), 2 survivors (2048K)
 Metaspace       used 15610K, committed 15808K, reserved 1064960K
  class space    used 1275K, committed 1408K, reserved 1048576K
}
Event: 45.110 GC heap after
{Heap after GC invocations=5 (full 0):
 garbage-first heap   total 124928K, used 4292K [0x0000000086600000, 0x0000000100000000)
  region size 1024K, 2 young (2048K), 2 survivors (2048K)
 Metaspace       used 15610K, committed 15808K, reserved 1064960K
  class space    used 1275K, committed 1408K, reserved 1048576K
}
Event: 53.971 GC heap before
{Heap before GC invocations=5 (full 0):
 garbage-first heap   total 124928K, used 76996K [0x0000000086600000, 0x0000000100000000)
  region size 1024K, 73 young (74752K), 2 survivors (2048K)
 Metaspace       used 15616K, committed 15808K, reserved 1064960K
  class space    used 1275K, committed 1408K, reserved 1048576K
}
Event: 53.975 GC heap after
{Heap after GC invocations=6 (full 0):
 garbage-first heap   total 124928K, used 4369K [0x0000000086600000, 0x0000000100000000)
  region size 1024K, 2 young (2048K), 2 survivors (2048K)
 Metaspace       used 15616K, committed 15808K, reserved 1064960K
  class space    used 1275K, committed 1408K, reserved 1048576K
}
Event: 63.368 GC heap before
{Heap before GC invocations=6 (full 0):
 garbage-first heap   total 124928K, used 77073K [0x0000000086600000, 0x0000000100000000)
  region size 1024K, 73 young (74752K), 2 survivors (2048K)
 Metaspace       used 15616K, committed 15808K, reserved 1064960K
  class space    used 1275K, committed 1408K, reserved 1048576K
}
Event: 63.372 GC heap after
{Heap after GC invocations=7 (full 0):
 garbage-first heap   total 124928K, used 4358K [0x0000000086600000, 0x0000000100000000)
  region size 1024K, 2 young (2048K), 2 survivors (2048K)
 Metaspace       used 15616K, committed 15808K, reserved 1064960K
  class space    used 1275K, committed 1408K, reserved 1048576K
}
Event: 73.592 GC heap before
{Heap before GC invocations=7 (full 0):
 garbage-first heap   total 124928K, used 77062K [0x0000000086600000, 0x0000000100000000)
  region size 1024K, 73 young (74752K), 2 survivors (2048K)
 Metaspace       used 15616K, committed 15808K, reserved 1064960K
  class space    used 1275K, committed 1408K, reserved 1048576K
}
Event: 73.595 GC heap after
{Heap after GC invocations=8 (full 0):
 garbage-first heap   total 124928K, used 4335K [0x0000000086600000, 0x0000000100000000)
  region size 1024K, 2 young (2048K), 2 survivors (2048K)
 Metaspace       used 15616K, committed 15808K, reserved 1064960K
  class space    used 1275K, committed 1408K, reserved 1048576K
}
Event: 84.451 GC heap before
{Heap before GC invocations=8 (full 0):
 garbage-first heap   total 124928K, used 77039K [0x0000000086600000, 0x0000000100000000)
  region size 1024K, 73 young (74752K), 2 survivors (2048K)
 Metaspace       used 15616K, committed 15808K, reserved 1064960K
  class space    used 1275K, committed 1408K, reserved 1048576K
}
Event: 84.455 GC heap after
{Heap after GC invocations=9 (full 0):
 garbage-first heap   total 124928K, used 4338K [0x0000000086600000, 0x0000000100000000)
  region size 1024K, 2 young (2048K), 2 survivors (2048K)
 Metaspace       used 15616K, committed 15808K, reserved 1064960K
  class space    used 1275K, committed 1408K, reserved 1048576K
}
Event: 95.806 GC heap before
{Heap before GC invocations=9 (full 0):
 garbage-first heap   total 124928K, used 77042K [0x0000000086600000, 0x0000000100000000)
  region size 1024K, 73 young (74752K), 2 survivors (2048K)
 Metaspace       used 15616K, committed 15808K, reserved 1064960K
  class space    used 1275K, committed 1408K, reserved 1048576K
}
Event: 95.810 GC heap after
{Heap after GC invocations=10 (full 0):
 garbage-first heap   total 124928K, used 4330K [0x0000000086600000, 0x0000000100000000)
  region size 1024K, 2 young (2048K), 2 survivors (2048K)
 Metaspace       used 15616K, committed 15808K, reserved 1064960K
  class space    used 1275K, committed 1408K, reserved 1048576K
}
Event: 117.517 GC heap before
{Heap before GC invocations=10 (full 0):
 garbage-first heap   total 124928K, used 77034K [0x0000000086600000, 0x0000000100000000)
  region size 1024K, 73 young (74752K), 2 survivors (2048K)
 Metaspace       used 15616K, committed 15808K, reserved 1064960K
  class space    used 1275K, committed 1408K, reserved 1048576K
}
Event: 117.524 GC heap after
{Heap after GC invocations=11 (full 0):
 garbage-first heap   total 124928K, used 4380K [0x0000000086600000, 0x0000000100000000)
  region size 1024K, 2 young (2048K), 2 survivors (2048K)
 Metaspace       used 15616K, committed 15808K, reserved 1064960K
  class space    used 1275K, committed 1408K, reserved 1048576K
}

Deoptimization events (20 events):
Event: 1.618 Thread 0x000002987990a1a0 Uncommon trap: trap_request=0xffffff45 fr.pc=0x0000029807b55b64 relative=0x0000000000000244
Event: 1.618 Thread 0x000002987990a1a0 Uncommon trap: reason=unstable_if action=reinterpret pc=0x0000029807b55b64 method=jdk.internal.misc.Unsafe.copyMemory(Ljava/lang/Object;JLjava/lang/Object;JJ)V @ 16 c2
Event: 1.618 Thread 0x000002987990a1a0 DEOPT PACKING pc=0x0000029807b55b64 sp=0x000000bd558fee00
Event: 1.618 Thread 0x000002987990a1a0 DEOPT UNPACKING pc=0x000002980004f92e sp=0x000000bd558fee18 mode 2
Event: 1.633 Thread 0x000002987990a1a0 Uncommon trap: trap_request=0xffffffde fr.pc=0x0000029807b3b254 relative=0x0000000000001014
Event: 1.633 Thread 0x000002987990a1a0 Uncommon trap: reason=class_check action=maybe_recompile pc=0x0000029807b3b254 method=java.util.HashMap.putVal(ILjava/lang/Object;Ljava/lang/Object;ZZ)Ljava/lang/Object; @ 253 c2
Event: 1.633 Thread 0x000002987990a1a0 DEOPT PACKING pc=0x0000029807b3b254 sp=0x000000bd558fef40
Event: 1.633 Thread 0x000002987990a1a0 DEOPT UNPACKING pc=0x000002980004f92e sp=0x000000bd558feea8 mode 2
Event: 1.647 Thread 0x000002987990a1a0 Uncommon trap: trap_request=0xffffffde fr.pc=0x0000029807b3b254 relative=0x0000000000001014
Event: 1.647 Thread 0x000002987990a1a0 Uncommon trap: reason=class_check action=maybe_recompile pc=0x0000029807b3b254 method=java.util.HashMap.putVal(ILjava/lang/Object;Ljava/lang/Object;ZZ)Ljava/lang/Object; @ 253 c2
Event: 1.647 Thread 0x000002987990a1a0 DEOPT PACKING pc=0x0000029807b3b254 sp=0x000000bd558fef40
Event: 1.647 Thread 0x000002987990a1a0 DEOPT UNPACKING pc=0x000002980004f92e sp=0x000000bd558feea8 mode 2
Event: 3.592 Thread 0x000002987990a1a0 DEOPT PACKING pc=0x000002980089ae81 sp=0x000000bd558ff2b0
Event: 3.592 Thread 0x000002987990a1a0 DEOPT UNPACKING pc=0x000002980004e77e sp=0x000000bd558fe780 mode 0
Event: 40.190 Thread 0x000002987990a1a0 Uncommon trap: trap_request=0xffffff9d fr.pc=0x0000029807bd29d4 relative=0x0000000000000114
Event: 40.190 Thread 0x000002987990a1a0 Uncommon trap: reason=unreached action=reinterpret pc=0x0000029807bd29d4 method=de.confuse.openGL.Window.<init>(Ljava/lang/String;IIZZ)V @ 124 c2
Event: 40.190 Thread 0x000002987990a1a0 DEOPT PACKING pc=0x0000029807bd29d4 sp=0x000000bd558ff5b0
Event: 40.190 Thread 0x000002987990a1a0 DEOPT UNPACKING pc=0x000002980004f92e sp=0x000000bd558ff578 mode 2
Event: 73.777 Thread 0x000002987990a1a0 DEOPT PACKING pc=0x00000298008d6efc sp=0x000000bd558ff480
Event: 73.777 Thread 0x000002987990a1a0 DEOPT UNPACKING pc=0x000002980004e77e sp=0x000000bd558fea68 mode 0

Classes unloaded (0 events):
No events

Classes redefined (1 events):
Event: 14.525 Thread 0x000002981344bc10 redefined class name=de.confuse.openGL.gui.frame.elements.SwitchElement, count=1

Internal exceptions (6 events):
Event: 0.483 Thread 0x000002987990a1a0 Exception <a 'java/lang/NoSuchMethodError'{0x000000008db0a180}: 'java.lang.Object java.lang.invoke.DirectMethodHandle$Holder.invokeStatic(java.lang.Object)'> (0x000000008db0a180) 
thrown [t:\workspace\open\src\hotspot\share\interpreter\linkResolver.cpp, line 790]
Event: 0.885 Thread 0x000002987990a1a0 Exception <a 'java/lang/ClassNotFoundException'{0x000000008d17e9c8}: sun/awt/resources/spi/awtProvider> (0x000000008d17e9c8) 
thrown [t:\workspace\open\src\hotspot\share\classfile\systemDictionary.cpp, line 256]
Event: 0.907 Thread 0x000002987990a1a0 Exception <a 'java/io/FileNotFoundException'{0x000000008d1dad30}> (0x000000008d1dad30) 
thrown [t:\workspace\open\src\hotspot\share\prims\jni.cpp, line 579]
Event: 0.918 Thread 0x000002987990a1a0 Exception <a 'java/io/FileNotFoundException'{0x000000008d00be60}> (0x000000008d00be60) 
thrown [t:\workspace\open\src\hotspot\share\prims\jni.cpp, line 579]
Event: 0.940 Thread 0x000002987990a1a0 Exception <a 'java/lang/NoSuchMethodError'{0x000000008d0f2dc8}: 'void java.lang.invoke.DirectMethodHandle$Holder.invokeSpecial(java.lang.Object, java.lang.Object, java.lang.Object)'> (0x000000008d0f2dc8) 
thrown [t:\workspace\open\src\hotspot\share\interpreter\linkResolver.cpp, line 790]
Event: 0.965 Thread 0x000002987990a1a0 Exception <a 'java/lang/NoSuchMethodError'{0x000000008cf89e78}: 'java.lang.Object java.lang.invoke.DirectMethodHandle$Holder.invokeStaticInit(java.lang.Object)'> (0x000000008cf89e78) 
thrown [t:\workspace\open\src\hotspot\share\interpreter\linkResolver.cpp, line 790]

Events (20 events):
Event: 31.129 Executing  VM operation: G1CollectForAllocation
Event: 31.132 Executing  VM operation: G1CollectForAllocation done
Event: 36.930 Executing  VM operation: G1CollectForAllocation
Event: 36.933 Executing  VM operation: G1CollectForAllocation done
Event: 45.107 Executing  VM operation: G1CollectForAllocation
Event: 45.110 Executing  VM operation: G1CollectForAllocation done
Event: 51.130 Executing  VM operation: Cleanup
Event: 51.131 Executing  VM operation: Cleanup done
Event: 53.971 Executing  VM operation: G1CollectForAllocation
Event: 53.975 Executing  VM operation: G1CollectForAllocation done
Event: 63.368 Executing  VM operation: G1CollectForAllocation
Event: 63.372 Executing  VM operation: G1CollectForAllocation done
Event: 73.592 Executing  VM operation: G1CollectForAllocation
Event: 73.595 Executing  VM operation: G1CollectForAllocation done
Event: 84.451 Executing  VM operation: G1CollectForAllocation
Event: 84.456 Executing  VM operation: G1CollectForAllocation done
Event: 95.806 Executing  VM operation: G1CollectForAllocation
Event: 95.810 Executing  VM operation: G1CollectForAllocation done
Event: 117.517 Executing  VM operation: G1CollectForAllocation
Event: 117.524 Executing  VM operation: G1CollectForAllocation done


Dynamic libraries:
0x00007ff66c2a0000 - 0x00007ff66c2ae000 	C:\Users\MrCon\.p2\pool\plugins\org.eclipse.justj.openjdk.hotspot.jre.full.win32.x86_64_16.0.2.v20210721-1149\jre\bin\javaw.exe
0x00007ffec7a30000 - 0x00007ffec7c25000 	C:\WINDOWS\SYSTEM32\ntdll.dll
0x00007ffec6c60000 - 0x00007ffec6d1d000 	C:\WINDOWS\System32\KERNEL32.DLL
0x00007ffec54d0000 - 0x00007ffec5799000 	C:\WINDOWS\System32\KERNELBASE.dll
0x00007ffec57a0000 - 0x00007ffec58a0000 	C:\WINDOWS\System32\ucrtbase.dll
0x00007ffec0140000 - 0x00007ffec0158000 	C:\Users\MrCon\.p2\pool\plugins\org.eclipse.justj.openjdk.hotspot.jre.full.win32.x86_64_16.0.2.v20210721-1149\jre\bin\jli.dll
0x00007ffebfcb0000 - 0x00007ffebfcc9000 	C:\Users\MrCon\.p2\pool\plugins\org.eclipse.justj.openjdk.hotspot.jre.full.win32.x86_64_16.0.2.v20210721-1149\jre\bin\VCRUNTIME140.dll
0x00007ffec7580000 - 0x00007ffec7720000 	C:\WINDOWS\System32\USER32.dll
0x00007ffec5360000 - 0x00007ffec5382000 	C:\WINDOWS\System32\win32u.dll
0x00007ffeb3c60000 - 0x00007ffeb3efa000 	C:\WINDOWS\WinSxS\amd64_microsoft.windows.common-controls_6595b64144ccf1df_6.0.19041.1110_none_60b5254171f9507e\COMCTL32.dll
0x00007ffec6c30000 - 0x00007ffec6c5a000 	C:\WINDOWS\System32\GDI32.dll
0x00007ffec5980000 - 0x00007ffec5a8b000 	C:\WINDOWS\System32\gdi32full.dll
0x00007ffec6d90000 - 0x00007ffec6e2e000 	C:\WINDOWS\System32\msvcrt.dll
0x00007ffec5160000 - 0x00007ffec51fd000 	C:\WINDOWS\System32\msvcp_win.dll
0x00007ffec6f40000 - 0x00007ffec6f70000 	C:\WINDOWS\System32\IMM32.DLL
0x00007ffec0130000 - 0x00007ffec013c000 	C:\Users\MrCon\.p2\pool\plugins\org.eclipse.justj.openjdk.hotspot.jre.full.win32.x86_64_16.0.2.v20210721-1149\jre\bin\vcruntime140_1.dll
0x00007ffe9ca20000 - 0x00007ffe9cab1000 	C:\Users\MrCon\.p2\pool\plugins\org.eclipse.justj.openjdk.hotspot.jre.full.win32.x86_64_16.0.2.v20210721-1149\jre\bin\msvcp140.dll
0x00007ffe66fa0000 - 0x00007ffe67b4b000 	C:\Users\MrCon\.p2\pool\plugins\org.eclipse.justj.openjdk.hotspot.jre.full.win32.x86_64_16.0.2.v20210721-1149\jre\bin\server\jvm.dll
0x00007ffec6660000 - 0x00007ffec670c000 	C:\WINDOWS\System32\ADVAPI32.dll
0x00007ffec6710000 - 0x00007ffec67ab000 	C:\WINDOWS\System32\sechost.dll
0x00007ffec7060000 - 0x00007ffec718a000 	C:\WINDOWS\System32\RPCRT4.dll
0x00007ffec7510000 - 0x00007ffec7518000 	C:\WINDOWS\System32\PSAPI.DLL
0x00007ffebf7e0000 - 0x00007ffebf7ea000 	C:\WINDOWS\SYSTEM32\VERSION.dll
0x00007ffebff60000 - 0x00007ffebff69000 	C:\WINDOWS\SYSTEM32\WSOCK32.dll
0x00007ffebc090000 - 0x00007ffebc0b7000 	C:\WINDOWS\SYSTEM32\WINMM.dll
0x00007ffec6d20000 - 0x00007ffec6d8b000 	C:\WINDOWS\System32\WS2_32.dll
0x00007ffec3050000 - 0x00007ffec3062000 	C:\WINDOWS\SYSTEM32\kernel.appcore.dll
0x00007ffebf2f0000 - 0x00007ffebf2fa000 	C:\Users\MrCon\.p2\pool\plugins\org.eclipse.justj.openjdk.hotspot.jre.full.win32.x86_64_16.0.2.v20210721-1149\jre\bin\jimage.dll
0x00007ffebea90000 - 0x00007ffebec74000 	C:\WINDOWS\SYSTEM32\DBGHELP.DLL
0x00007ffebe9c0000 - 0x00007ffebe9ec000 	C:\WINDOWS\SYSTEM32\dbgcore.DLL
0x00007ffec5390000 - 0x00007ffec5413000 	C:\WINDOWS\System32\bcryptPrimitives.dll
0x00007ffeb01e0000 - 0x00007ffeb021b000 	C:\Users\MrCon\.p2\pool\plugins\org.eclipse.justj.openjdk.hotspot.jre.full.win32.x86_64_16.0.2.v20210721-1149\jre\bin\jdwp.dll
0x00007ffebff30000 - 0x00007ffebff3e000 	C:\Users\MrCon\.p2\pool\plugins\org.eclipse.justj.openjdk.hotspot.jre.full.win32.x86_64_16.0.2.v20210721-1149\jre\bin\instrument.dll
0x00007ffeaf870000 - 0x00007ffeaf895000 	C:\Users\MrCon\.p2\pool\plugins\org.eclipse.justj.openjdk.hotspot.jre.full.win32.x86_64_16.0.2.v20210721-1149\jre\bin\java.dll
0x00007ffeaf850000 - 0x00007ffeaf868000 	C:\Users\MrCon\.p2\pool\plugins\org.eclipse.justj.openjdk.hotspot.jre.full.win32.x86_64_16.0.2.v20210721-1149\jre\bin\zip.dll
0x00007ffec5df0000 - 0x00007ffec652f000 	C:\WINDOWS\System32\SHELL32.dll
0x00007ffec3270000 - 0x00007ffec3a00000 	C:\WINDOWS\SYSTEM32\windows.storage.dll
0x00007ffec5a90000 - 0x00007ffec5de5000 	C:\WINDOWS\System32\combase.dll
0x00007ffec4af0000 - 0x00007ffec4b1c000 	C:\WINDOWS\SYSTEM32\Wldp.dll
0x00007ffec6e90000 - 0x00007ffec6f3e000 	C:\WINDOWS\System32\SHCORE.dll
0x00007ffec6e30000 - 0x00007ffec6e85000 	C:\WINDOWS\System32\shlwapi.dll
0x00007ffec50a0000 - 0x00007ffec50bf000 	C:\WINDOWS\SYSTEM32\profapi.dll
0x00007ffebfb90000 - 0x00007ffebfb9c000 	C:\Users\MrCon\.p2\pool\plugins\org.eclipse.justj.openjdk.hotspot.jre.full.win32.x86_64_16.0.2.v20210721-1149\jre\bin\dt_socket.dll
0x00007ffec4540000 - 0x00007ffec457b000 	C:\WINDOWS\SYSTEM32\IPHLPAPI.DLL
0x00007ffec4850000 - 0x00007ffec48ba000 	C:\WINDOWS\system32\mswsock.dll
0x00007ffec4580000 - 0x00007ffec464c000 	C:\WINDOWS\SYSTEM32\DNSAPI.dll
0x00007ffec6530000 - 0x00007ffec6538000 	C:\WINDOWS\System32\NSI.dll
0x00007ffebdf40000 - 0x00007ffebdf4a000 	C:\Windows\System32\rasadhlp.dll
0x00007ffebe090000 - 0x00007ffebe10f000 	C:\WINDOWS\System32\fwpuclnt.dll
0x00007ffec5950000 - 0x00007ffec5977000 	C:\WINDOWS\System32\bcrypt.dll
0x00007ffeaf830000 - 0x00007ffeaf849000 	C:\Users\MrCon\.p2\pool\plugins\org.eclipse.justj.openjdk.hotspot.jre.full.win32.x86_64_16.0.2.v20210721-1149\jre\bin\net.dll
0x00007ffec01f0000 - 0x00007ffec02f8000 	C:\WINDOWS\SYSTEM32\WINHTTP.dll
0x00007ffeaf810000 - 0x00007ffeaf823000 	C:\Users\MrCon\.p2\pool\plugins\org.eclipse.justj.openjdk.hotspot.jre.full.win32.x86_64_16.0.2.v20210721-1149\jre\bin\nio.dll
0x00007ffebff20000 - 0x00007ffebff30000 	C:\Users\MrCon\.p2\pool\plugins\org.eclipse.justj.openjdk.hotspot.jre.full.win32.x86_64_16.0.2.v20210721-1149\jre\bin\verify.dll
0x0000000180000000 - 0x0000000180053000 	C:\Users\MrCon\git\Lwjgl-2-Framework\OpenGl Framework\natives\lwjgl64.dll
0x00007ffe9bc80000 - 0x00007ffe9bda5000 	C:\WINDOWS\SYSTEM32\OPENGL32.dll
0x00007ffeb0160000 - 0x00007ffeb018c000 	C:\WINDOWS\SYSTEM32\GLU32.dll
0x00007ffeae2e0000 - 0x00007ffeae38e000 	C:\WINDOWS\SYSTEM32\mscms.dll
0x00007ffec5060000 - 0x00007ffec508e000 	C:\WINDOWS\SYSTEM32\USERENV.dll
0x00007ffeae2c0000 - 0x00007ffeae2d1000 	C:\WINDOWS\SYSTEM32\ColorAdapterClient.dll
0x00007ffec7870000 - 0x00007ffec793d000 	C:\WINDOWS\System32\OLEAUT32.dll
0x00007ffec7940000 - 0x00007ffec79e9000 	C:\WINDOWS\System32\clbcatq.dll
0x00007ffebf1d0000 - 0x00007ffebf214000 	C:\Windows\System32\Windows.Internal.Graphics.Display.DisplayColorManagement.dll
0x00007ffec5900000 - 0x00007ffec594e000 	C:\WINDOWS\System32\cfgmgr32.dll
0x00007ffec2b70000 - 0x00007ffec2c0e000 	C:\WINDOWS\system32\uxtheme.dll
0x00007ffec6540000 - 0x00007ffec6655000 	C:\WINDOWS\System32\MSCTF.dll
0x00007ffebc2e0000 - 0x00007ffebc3d9000 	C:\Windows\System32\AppXDeploymentClient.dll
0x00007ffe7c1c0000 - 0x00007ffe7d1c7000 	C:\WINDOWS\System32\DriverStore\FileRepository\iigd_dch.inf_amd64_dc16e5f1dbf8051f\ig11icd64.dll
0x00007ffec7720000 - 0x00007ffec784a000 	C:\WINDOWS\System32\ole32.dll
0x00007ffec2d60000 - 0x00007ffec2d8f000 	C:\WINDOWS\system32\dwmapi.dll
0x00007ffec3a60000 - 0x00007ffec3b54000 	C:\WINDOWS\system32\dxgi.dll
0x00007ffea5db0000 - 0x00007ffea5fef000 	C:\WINDOWS\System32\DriverStore\FileRepository\iigd_dch.inf_amd64_dc16e5f1dbf8051f\igdgmm64.dll
0x00007ffeaa2f0000 - 0x00007ffeaa3e9000 	C:\WINDOWS\SYSTEM32\textinputframework.dll
0x00007ffec2770000 - 0x00007ffec2862000 	C:\WINDOWS\System32\CoreMessaging.dll
0x00007ffec2410000 - 0x00007ffec276e000 	C:\WINDOWS\System32\CoreUIComponents.dll
0x00007ffec3e60000 - 0x00007ffec3e93000 	C:\WINDOWS\SYSTEM32\ntmarta.dll
0x00007ffec1d40000 - 0x00007ffec1e94000 	C:\WINDOWS\SYSTEM32\wintypes.dll
0x00007ffe98540000 - 0x00007ffe985a6000 	C:\WINDOWS\system32\Oleacc.dll
0x00007ffebf180000 - 0x00007ffebf1c3000 	C:\WINDOWS\SYSTEM32\icm32.dll
0x00007ffe6d760000 - 0x00007ffe6db75000 	C:\WINDOWS\System32\DriverStore\FileRepository\iigd_dch.inf_amd64_dc16e5f1dbf8051f\igdml64.dll
0x00007ffea2170000 - 0x00007ffea4dd2000 	C:\WINDOWS\System32\DriverStore\FileRepository\iigd_dch.inf_amd64_dc16e5f1dbf8051f\igc64.dll
0x00007ffec4fd0000 - 0x00007ffec501b000 	C:\WINDOWS\SYSTEM32\powrprof.dll
0x00007ffec4fb0000 - 0x00007ffec4fc2000 	C:\WINDOWS\SYSTEM32\UMPDC.dll
0x00007ffe8b560000 - 0x00007ffe8b6df000 	C:\Users\MrCon\.p2\pool\plugins\org.eclipse.justj.openjdk.hotspot.jre.full.win32.x86_64_16.0.2.v20210721-1149\jre\bin\awt.dll
0x00007ffec29a0000 - 0x00007ffec2a30000 	C:\WINDOWS\SYSTEM32\apphelp.dll
0x00007ffe9c330000 - 0x00007ffe9c3b9000 	C:\Users\MrCon\.p2\pool\plugins\org.eclipse.justj.openjdk.hotspot.jre.full.win32.x86_64_16.0.2.v20210721-1149\jre\bin\freetype.dll
0x00007ffe98600000 - 0x00007ffe986f6000 	C:\Users\MrCon\.p2\pool\plugins\org.eclipse.justj.openjdk.hotspot.jre.full.win32.x86_64_16.0.2.v20210721-1149\jre\bin\harfbuzz.dll
0x00007ffebfaf0000 - 0x00007ffebfb02000 	C:\Users\MrCon\.p2\pool\plugins\org.eclipse.justj.openjdk.hotspot.jre.full.win32.x86_64_16.0.2.v20210721-1149\jre\bin\fontmanager.dll

dbghelp: loaded successfully - version: 4.0.5 - missing functions: none
symbol engine: initialized successfully - sym options: 0x614 - pdb path: .;C:\Users\MrCon\.p2\pool\plugins\org.eclipse.justj.openjdk.hotspot.jre.full.win32.x86_64_16.0.2.v20210721-1149\jre\bin;C:\WINDOWS\SYSTEM32;C:\WINDOWS\WinSxS\amd64_microsoft.windows.common-controls_6595b64144ccf1df_6.0.19041.1110_none_60b5254171f9507e;C:\Users\MrCon\.p2\pool\plugins\org.eclipse.justj.openjdk.hotspot.jre.full.win32.x86_64_16.0.2.v20210721-1149\jre\bin\server;C:\Users\MrCon\git\Lwjgl-2-Framework\OpenGl Framework\natives;C:\WINDOWS\System32\DriverStore\FileRepository\iigd_dch.inf_amd64_dc16e5f1dbf8051f

VM Arguments:
jvm_args: -XX:+ShowCodeDetailsInExceptionMessages -agentlib:jdwp=transport=dt_socket,suspend=y,address=localhost:50098 -Djava.library.path=C:\Users\MrCon\git\Lwjgl-2-Framework\OpenGl Framework\natives -javaagent:C:\Users\MrCon\eclipse\java-2021-06\eclipse\configuration\org.eclipse.osgi\222\0\.cp\lib\javaagent-shaded.jar -Dfile.encoding=Cp1252 
java_command: test.Main
java_class_path (initial): C:\Users\MrCon\git\Lwjgl-2-Framework\OpenGl Framework\bin;C:\Users\MrCon\git\Lwjgl-2-Framework\OpenGl Framework\lwjgl_util.jar;C:\Users\MrCon\git\Lwjgl-2-Framework\OpenGl Framework\lwjgl.jar;C:\Users\MrCon\git\Lwjgl-2-Framework\OpenGl Framework\slick.jar
Launcher Type: SUN_STANDARD

[Global flags]
     intx CICompilerCount                          = 4                                         {product} {ergonomic}
     uint ConcGCThreads                            = 2                                         {product} {ergonomic}
     uint G1ConcRefinementThreads                  = 8                                         {product} {ergonomic}
   size_t G1HeapRegionSize                         = 1048576                                   {product} {ergonomic}
    uintx GCDrainStackTargetSize                   = 64                                        {product} {ergonomic}
   size_t InitialHeapSize                          = 127926272                                 {product} {ergonomic}
   size_t MarkStackSize                            = 4194304                                   {product} {ergonomic}
   size_t MaxHeapSize                              = 2040528896                                {product} {ergonomic}
   size_t MaxNewSize                               = 1223688192                                {product} {ergonomic}
   size_t MinHeapDeltaBytes                        = 1048576                                   {product} {ergonomic}
   size_t MinHeapSize                              = 8388608                                   {product} {ergonomic}
    uintx NonNMethodCodeHeapSize                   = 5839372                                {pd product} {ergonomic}
    uintx NonProfiledCodeHeapSize                  = 122909434                              {pd product} {ergonomic}
    uintx ProfiledCodeHeapSize                     = 122909434                              {pd product} {ergonomic}
    uintx ReservedCodeCacheSize                    = 251658240                              {pd product} {ergonomic}
     bool SegmentedCodeCache                       = true                                      {product} {ergonomic}
     bool ShowCodeDetailsInExceptionMessages       = true                                   {manageable} {command line}
   size_t SoftMaxHeapSize                          = 2040528896                             {manageable} {ergonomic}
     bool UseCompressedClassPointers               = true                           {product lp64_product} {ergonomic}
     bool UseCompressedOops                        = true                           {product lp64_product} {ergonomic}
     bool UseG1GC                                  = true                                      {product} {ergonomic}
     bool UseLargePagesIndividualAllocation        = false                                  {pd product} {ergonomic}

Logging:
Log output configuration:
 #0: stdout all=warning uptime,level,tags
 #1: stderr all=off uptime,level,tags

Environment Variables:
PATH=C:\Users\MrCon\.p2\pool\plugins\org.eclipse.justj.openjdk.hotspot.jre.full.win32.x86_64_16.0.2.v20210721-1149\jre\bin;C:/Users/MrCon/.p2/pool/plugins/org.eclipse.justj.openjdk.hotspot.jre.full.win32.x86_64_16.0.2.v20210721-1149/jre/bin/server;C:/Users/MrCon/.p2/pool/plugins/org.eclipse.justj.openjdk.hotspot.jre.full.win32.x86_64_16.0.2.v20210721-1149/jre/bin;C:\Program Files\Common Files\Oracle\Java\javapath;C:\WINDOWS\system32;C:\WINDOWS;C:\WINDOWS\System32\Wbem;C:\WINDOWS\System32\WindowsPowerShell\v1.0\;C:\WINDOWS\System32\OpenSSH\;C:\Program Files\leJOS EV3\bin;C:\Users\MrCon\AppData\Local\Microsoft\WindowsApps;;C:\WINDOWS\system32;
USERNAME=MrCon
OS=Windows_NT
PROCESSOR_IDENTIFIER=Intel64 Family 6 Model 126 Stepping 5, GenuineIntel



---------------  S Y S T E M  ---------------

OS:
 Windows 10 , 64 bit Build 19041 (10.0.19041.1151)
OS uptime: 0 days 6:38 hours

CPU: total 8 (initial active 8) (4 cores per cpu, 2 threads per core) family 6 model 126 stepping 5 microcode 0xa0, cx8, cmov, fxsr, ht, mmx, 3dnowpref, sse, sse2, sse3, ssse3, sse4.1, sse4.2, popcnt, lzcnt, tsc, tscinvbit, avx, avx2, aes, erms, clmul, bmi1, bmi2, adx, avx512f, avx512dq, avx512cd, avx512bw, avx512vl, sha, fma, vzeroupper, avx512_vpopcntdq, avx512_vpclmulqdq, avx512_vaes, avx512_vnni, clflush, clflushopt, avx512_vmbi2, avx512_vmbi

Memory: 4k page, system-wide physical 7778M (3115M free)
TotalPageFile size 11720M (AvailPageFile size 4641M)
current process WorkingSet (physical memory assigned to process): 900M, peak: 3464M
current process commit charge ("private bytes"): 1086M, peak: 4022M

vm_info: OpenJDK 64-Bit Server VM (16.0.2+7-67) for windows-amd64 JRE (16.0.2+7-67), built on Jun  8 2021 23:21:43 by "mach5one" with MS VC++ 16.7 (VS2019)

END.
